<?xml version="1.0" encoding="UTF-8"?>
<testsuite xmlns:xsi="http://www.w3.org/2001/XMLSchema-instance" xsi:noNamespaceSchemaLocation="https://maven.apache.org/surefire/maven-surefire-plugin/xsd/surefire-test-report.xsd" version="3.0.2" name="com.genesis.testing.DescuentoTest" time="0.182" tests="5" errors="0" skipped="0" failures="0">
  <properties>
[...]
</properties>
  <testcase name="testDescuento10Porciento" classname="com.genesis.testing.DescuentoTest" time="0.075"/>
  <testcase name="testDescuento100Porciento" classname="com.genesis.testing.DescuentoTest" time="0.012"/>
  <testcase name="testDescuento50Porciento" classname="com.genesis.testing.DescuentoTest" time="0.002"/>
  <testcase name="testDescuento0Porciento" classname="com.genesis.testing.DescuentoTest" time="0.003"/>
  <testcase name="testDescuento20Porciento" classname="com.genesis.testing.DescuentoTest" time="0.001"/>
</testsuite>